<?xml version="1.0" encoding="UTF-8"?>
<!-- Generated by org.testng.reporters.JUnitReportReporter -->
<testsuite hostname="DESKTOP-7DOJ8DV" failures="0" tests="1" name="Spectra.SpecDashboard.servicehourlyTest" time="56.222" errors="0" timestamp="2023-03-10T12:16:24 PKT" skipped="0">
  <testcase classname="Spectra.SpecDashboard.servicehourlyTest" name="records" time="56.222"/>
  <system-out/>
</testsuite> <!-- Spectra.SpecDashboard.servicehourlyTest -->
