<?xml version="1.0" encoding="UTF-8"?>
<!-- Generated by org.testng.reporters.JUnitReportReporter -->
<testsuite hostname="DESKTOP-7DOJ8DV" failures="0" tests="1" name="Spectra.SpecDashboard.HomePageTest" time="60.239" errors="0" timestamp="2023-04-03T13:59:08 PKT" skipped="0">
  <testcase classname="Spectra.SpecDashboard.HomePageTest" name="waitTestcase" time="60.239"/>
  <system-out/>
</testsuite> <!-- Spectra.SpecDashboard.HomePageTest -->
