<?xml version="1.0" encoding="UTF-8"?>
<!-- Generated by org.testng.reporters.JUnitReportReporter -->
<testsuite hostname="DESKTOP-7DOJ8DV" failures="0" tests="1" name="Spectra.SpecDashboard.serviceSummaryTest" time="46.524" errors="0" timestamp="2023-03-13T12:07:45 PKT" skipped="0">
  <testcase classname="Spectra.SpecDashboard.serviceSummaryTest" name="serviceTestcase" time="46.524"/>
  <system-out/>
</testsuite> <!-- Spectra.SpecDashboard.serviceSummaryTest -->
