<?xml version="1.0" encoding="UTF-8"?>
<!-- Generated by org.testng.reporters.JUnitReportReporter -->
<testsuite hostname="DESKTOP-7DOJ8DV" failures="0" tests="1" name="Spectra.SpecDashboard.TellerAttendenceTest" time="69.727" errors="0" timestamp="2023-03-17T11:03:55 PKT" skipped="0">
  <testcase classname="Spectra.SpecDashboard.TellerAttendenceTest" name="serviceTestcase" time="69.727"/>
  <system-out/>
</testsuite> <!-- Spectra.SpecDashboard.TellerAttendenceTest -->
