<?xml version="1.0" encoding="UTF-8"?>
<!-- Generated by org.testng.reporters.JUnitReportReporter -->
<testsuite hostname="DESKTOP-7DOJ8DV" failures="0" tests="1" name="Spectra.SpecDashboard.TellerDailyTest" time="110.744" errors="0" timestamp="2023-03-21T14:37:35 PKT" skipped="0">
  <testcase classname="Spectra.SpecDashboard.TellerDailyTest" name="serviceTestcase" time="110.744"/>
  <system-out/>
</testsuite> <!-- Spectra.SpecDashboard.TellerDailyTest -->
