<?xml version="1.0" encoding="UTF-8"?>
<!-- Generated by org.testng.reporters.JUnitReportReporter -->
<testsuite hostname="DESKTOP-7DOJ8DV" failures="0" tests="1" name="Spectra.SpecDashboard.serviceMattercodeTest" time="62.537" errors="0" timestamp="2023-03-09T18:42:17 PKT" skipped="0">
  <testcase classname="Spectra.SpecDashboard.serviceMattercodeTest" name="serviceTestcase" time="62.537"/>
  <system-out/>
</testsuite> <!-- Spectra.SpecDashboard.serviceMattercodeTest -->
