<?xml version="1.0" encoding="UTF-8"?>
<!-- Generated by org.testng.reporters.JUnitReportReporter -->
<testsuite hostname="DESKTOP-7DOJ8DV" failures="0" tests="1" name="Spectra.SpecDashboard.TellerCustomerfeedbackTest" time="120.044" errors="0" timestamp="2023-03-24T11:01:59 PKT" skipped="0">
  <testcase classname="Spectra.SpecDashboard.TellerCustomerfeedbackTest" name="serviceTestcase" time="120.044"/>
  <system-out/>
</testsuite> <!-- Spectra.SpecDashboard.TellerCustomerfeedbackTest -->
