<?xml version="1.0" encoding="UTF-8"?>
<!-- Generated by org.testng.reporters.JUnitReportReporter -->
<testsuite hostname="DESKTOP-7DOJ8DV" failures="0" tests="1" name="Spectra.SpecDashboard.allcomponentsTest" time="100.730" errors="0" timestamp="2023-02-21T16:07:54 PKT" skipped="0">
  <testcase classname="Spectra.SpecDashboard.allcomponentsTest" name="wte" time="100.730"/>
  <system-out/>
</testsuite> <!-- Spectra.SpecDashboard.allcomponentsTest -->
