<?xml version="1.0" encoding="UTF-8"?>
<!-- Generated by org.testng.reporters.JUnitReportReporter -->
<testsuite hostname="DESKTOP-7DOJ8DV" failures="0" tests="1" name="Spectra.SpecDashboard.serviceQualityTest" time="73.799" errors="0" timestamp="2023-03-09T17:54:13 PKT" skipped="0">
  <testcase classname="Spectra.SpecDashboard.serviceQualityTest" name="records" time="73.799"/>
  <system-out/>
</testsuite> <!-- Spectra.SpecDashboard.serviceQualityTest -->
