<?xml version="1.0" encoding="UTF-8"?>
<!-- Generated by org.testng.reporters.JUnitReportReporter -->
<testsuite hostname="DESKTOP-7DOJ8DV" failures="0" tests="1" name="Spectra.SpecDashboard.TellerCategoryTest" time="105.797" errors="0" timestamp="2023-03-20T17:55:00 PKT" skipped="0">
  <testcase classname="Spectra.SpecDashboard.TellerCategoryTest" name="serviceTestcase" time="105.797"/>
  <system-out/>
</testsuite> <!-- Spectra.SpecDashboard.TellerCategoryTest -->
