<?xml version="1.0" encoding="UTF-8"?>
<!-- Generated by org.testng.reporters.JUnitReportReporter -->
<testsuite hostname="DESKTOP-7DOJ8DV" failures="0" tests="1" name="Spectra.SpecDashboard.serviceBranchesTest" time="56.064" errors="0" timestamp="2023-03-10T12:19:43 PKT" skipped="0">
  <testcase classname="Spectra.SpecDashboard.serviceBranchesTest" name="serviceTestcase" time="56.064"/>
  <system-out/>
</testsuite> <!-- Spectra.SpecDashboard.serviceBranchesTest -->
