<?xml version="1.0" encoding="UTF-8"?>
<!-- Generated by org.testng.reporters.JUnitReportReporter -->
<testsuite hostname="DESKTOP-7DOJ8DV" failures="0" tests="1" name="Spectra.SpecDashboard.TellerRespTest" time="108.551" errors="0" timestamp="2023-03-24T11:33:51 PKT" skipped="0">
  <testcase classname="Spectra.SpecDashboard.TellerRespTest" name="serviceTestcase" time="108.551"/>
  <system-out/>
</testsuite> <!-- Spectra.SpecDashboard.TellerRespTest -->
