<?xml version="1.0" encoding="UTF-8"?>
<!-- Generated by org.testng.reporters.JUnitReportReporter -->
<testsuite hostname="DESKTOP-7DOJ8DV" failures="0" tests="1" name="Spectra.SpecDashboard.serviceReportTest" time="49.206" errors="0" timestamp="2023-03-09T16:19:04 PKT" skipped="0">
  <testcase classname="Spectra.SpecDashboard.serviceReportTest" name="records" time="49.206"/>
  <system-out/>
</testsuite> <!-- Spectra.SpecDashboard.serviceReportTest -->
