<?xml version="1.0" encoding="UTF-8"?>
<!-- Generated by org.testng.reporters.JUnitReportReporter -->
<testsuite hostname="DESKTOP-7DOJ8DV" failures="0" tests="1" name="Spectra.SpecDashboard.TellerSummaryTest" time="76.330" errors="0" timestamp="2023-04-03T11:40:11 PKT" skipped="0">
  <testcase classname="Spectra.SpecDashboard.TellerSummaryTest" name="serviceTestcase" time="76.330"/>
  <system-out/>
</testsuite> <!-- Spectra.SpecDashboard.TellerSummaryTest -->
