<?xml version="1.0" encoding="UTF-8"?>
<!-- Generated by org.testng.reporters.JUnitReportReporter -->
<testsuite hostname="DESKTOP-7DOJ8DV" failures="0" tests="1" name="pageObjects.db2" time="0.009" errors="0" timestamp="2023-02-06T16:47:24 PKT" skipped="0">
  <testcase classname="pageObjects.db2" name="test" time="0.009"/>
  <system-out/>
</testsuite> <!-- pageObjects.db2 -->
