<?xml version="1.0" encoding="UTF-8"?>
<!-- Generated by org.testng.reporters.JUnitReportReporter -->
<testsuite hostname="DESKTOP-7DOJ8DV" failures="0" tests="1" name="pageObjects.database" time="0.919" errors="0" timestamp="2023-02-08T17:14:36 PKT" skipped="0">
  <testcase classname="pageObjects.database" name="test" time="0.919"/>
  <system-out/>
</testsuite> <!-- pageObjects.database -->
