<?xml version="1.0" encoding="UTF-8"?>
<!-- Generated by org.testng.reporters.JUnitReportReporter -->
<testsuite hostname="DESKTOP-7DOJ8DV" failures="0" tests="1" name="Spectra.SpecDashboard.database" time="1.155" errors="0" timestamp="2023-02-08T11:46:29 PKT" skipped="0">
  <testcase classname="Spectra.SpecDashboard.database" name="test" time="1.155"/>
  <system-out/>
</testsuite> <!-- Spectra.SpecDashboard.database -->
