<?xml version="1.0" encoding="UTF-8"?>
<!-- Generated by org.testng.reporters.JUnitReportReporter -->
<testsuite hostname="DESKTOP-7DOJ8DV" failures="0" tests="1" name="Spectra.SpecDashboard.TellerActivityTest" time="93.062" errors="0" timestamp="2023-03-24T12:05:37 PKT" skipped="0">
  <testcase classname="Spectra.SpecDashboard.TellerActivityTest" name="serviceTestcase" time="93.062"/>
  <system-out/>
</testsuite> <!-- Spectra.SpecDashboard.TellerActivityTest -->
